<?xml version="1.0" encoding="UTF-8"?>
<coverage generated="1696518309263" clover="3.2.0">
  <project timestamp="1696518309264" name="All files">
    <metrics statements="3" coveredstatements="3" conditionals="0" coveredconditionals="0" methods="2" coveredmethods="2" elements="5" coveredelements="5" complexity="0" loc="3" ncloc="3" packages="1" files="2" classes="2"/>
    <file name="Contact.jsx" path="D:\food_app\src\components\Contact.jsx">
      <metrics statements="1" coveredstatements="1" conditionals="0" coveredconditionals="0" methods="1" coveredmethods="1"/>
      <line num="4" count="1" type="stmt"/>
    </file>
    <file name="sum.jsx" path="D:\food_app\src\components\sum.jsx">
      <metrics statements="2" coveredstatements="2" conditionals="0" coveredconditionals="0" methods="1" coveredmethods="1"/>
      <line num="1" count="1" type="stmt"/>
      <line num="2" count="1" type="stmt"/>
    </file>
  </project>
</coverage>
