{"D:\\food_app\\src\\components\\Contact.jsx": {"path":"D:\\food_app\\src\\components\\Contact.jsx","statementMap":{"0":{"start":{"line":4,"column":2},"end":{"line":21,"column":3}}},"fnMap":{"0":{"name":"Contact","decl":{"start":{"line":3,"column":9},"end":{"line":3,"column":16}},"loc":{"start":{"line":3,"column":19},"end":{"line":22,"column":1}},"line":3}},"branchMap":{},"s":{"0":1},"f":{"0":1},"b":{},"_coverageSchema":"1a1c01bbd47fc00a2c39e90264f33305004495a9","hash":"f5f7c8d55e4f258c30a5f33ccd895aa08bce4b8e"}
,"D:\\food_app\\src\\components\\sum.jsx": {"path":"D:\\food_app\\src\\components\\sum.jsx","statementMap":{"0":{"start":{"line":1,"column":19},"end":{"line":3,"column":1}},"1":{"start":{"line":2,"column":4},"end":{"line":2,"column":15}}},"fnMap":{"0":{"name":"(anonymous_0)","decl":{"start":{"line":1,"column":19},"end":{"line":1,"column":20}},"loc":{"start":{"line":1,"column":26},"end":{"line":3,"column":1}},"line":1}},"branchMap":{},"s":{"0":1,"1":1},"f":{"0":1},"b":{},"_coverageSchema":"1a1c01bbd47fc00a2c39e90264f33305004495a9","hash":"cb92de0ff2e7633f526f427b3f4e2be997882c7c"}
}
